<?xml version="1.0" encoding="UTF-8"?>
<!-- Generated by org.testng.reporters.JUnitReportReporter -->
<testsuite hostname="DESKTOP-135LNU6" failures="0" tests="1" name="TESTNGpakageMAVAN.NeoStoxTestbypropertiesfile" time="14.550" errors="0" timestamp="2022-12-04T12:56:48 IST" skipped="0">
  <testcase classname="TESTNGpakageMAVAN.NeoStoxTestbypropertiesfile" name="ValidatedUserName" time="14.550"/>
  <system-out/>
</testsuite> <!-- TESTNGpakageMAVAN.NeoStoxTestbypropertiesfile -->
